<?xml version="1.0" encoding="UTF-8"?>
<!-- Generated by org.testng.reporters.JUnitReportReporter -->
<testsuite hostname="ICEN632" failures="0" tests="1" name="tests.Testing" time="8.137" errors="0" timestamp="2024-09-11T13:01:08 IST" skipped="0">
  <testcase classname="tests.Testing" name="testUserLogin" time="8.137"/>
  <system-out/>
</testsuite> <!-- tests.Testing -->
