<?xml version="1.0" encoding="UTF-8"?>
<!-- Generated by org.testng.reporters.JUnitReportReporter -->
<testsuite hostname="ICEN632" failures="0" tests="16" name="features.TestNGTestRunner" time="291.917" errors="0" timestamp="2024-10-10T15:37:20 IST" skipped="0">
  <testcase classname="features.TestNGTestRunner" name="runScenario" time="10.186"/>
  <system-out/>
  <testcase classname="features.TestNGTestRunner" name="runScenario" time="7.835"/>
  <system-out/>
  <testcase classname="features.TestNGTestRunner" name="runScenario" time="6.144"/>
  <system-out/>
  <testcase classname="features.TestNGTestRunner" name="runScenario" time="6.170"/>
  <system-out/>
  <testcase classname="features.TestNGTestRunner" name="runScenario" time="5.611"/>
  <system-out/>
  <testcase classname="features.TestNGTestRunner" name="runScenario" time="4.911"/>
  <system-out/>
  <testcase classname="features.TestNGTestRunner" name="runScenario" time="16.475"/>
  <system-out/>
  <testcase classname="features.TestNGTestRunner" name="runScenario" time="16.764"/>
  <system-out/>
  <testcase classname="features.TestNGTestRunner" name="runScenario" time="16.852"/>
  <system-out/>
  <testcase classname="features.TestNGTestRunner" name="runScenario" time="8.324"/>
  <system-out/>
  <testcase classname="features.TestNGTestRunner" name="runScenario" time="10.185"/>
  <system-out/>
  <testcase classname="features.TestNGTestRunner" name="runScenario" time="9.333"/>
  <system-out/>
  <testcase classname="features.TestNGTestRunner" name="runScenario" time="16.461"/>
  <system-out/>
  <testcase classname="features.TestNGTestRunner" name="runScenario" time="14.969"/>
  <system-out/>
  <testcase classname="features.TestNGTestRunner" name="runScenario" time="135.220"/>
  <system-out/>
  <testcase classname="features.TestNGTestRunner" name="runScenario" time="6.477"/>
  <system-out/>
</testsuite> <!-- features.TestNGTestRunner -->
